
code.elf:     file format elf32-avr


Disassembly of section .text:

00000000 <__vectors>:
   0:	0c 94 24 01 	jmp	0x248	; 0x248 <__ctors_end>
   4:	0c 94 41 01 	jmp	0x282	; 0x282 <__bad_interrupt>
   8:	0c 94 41 01 	jmp	0x282	; 0x282 <__bad_interrupt>
   c:	0c 94 41 01 	jmp	0x282	; 0x282 <__bad_interrupt>
  10:	0c 94 41 01 	jmp	0x282	; 0x282 <__bad_interrupt>
  14:	0c 94 41 01 	jmp	0x282	; 0x282 <__bad_interrupt>
  18:	0c 94 41 01 	jmp	0x282	; 0x282 <__bad_interrupt>
  1c:	0c 94 41 01 	jmp	0x282	; 0x282 <__bad_interrupt>
  20:	0c 94 41 01 	jmp	0x282	; 0x282 <__bad_interrupt>
  24:	0c 94 41 01 	jmp	0x282	; 0x282 <__bad_interrupt>
  28:	0c 94 41 01 	jmp	0x282	; 0x282 <__bad_interrupt>
  2c:	0c 94 41 01 	jmp	0x282	; 0x282 <__bad_interrupt>
  30:	0c 94 41 01 	jmp	0x282	; 0x282 <__bad_interrupt>
  34:	0c 94 41 01 	jmp	0x282	; 0x282 <__bad_interrupt>
  38:	0c 94 41 01 	jmp	0x282	; 0x282 <__bad_interrupt>
  3c:	0c 94 41 01 	jmp	0x282	; 0x282 <__bad_interrupt>
  40:	0c 94 41 01 	jmp	0x282	; 0x282 <__bad_interrupt>
  44:	0c 94 41 01 	jmp	0x282	; 0x282 <__bad_interrupt>
  48:	0c 94 41 01 	jmp	0x282	; 0x282 <__bad_interrupt>
  4c:	0c 94 41 01 	jmp	0x282	; 0x282 <__bad_interrupt>
  50:	0c 94 41 01 	jmp	0x282	; 0x282 <__bad_interrupt>
  54:	0c 94 41 01 	jmp	0x282	; 0x282 <__bad_interrupt>
  58:	0c 94 41 01 	jmp	0x282	; 0x282 <__bad_interrupt>
  5c:	0c 94 41 01 	jmp	0x282	; 0x282 <__bad_interrupt>
  60:	0c 94 41 01 	jmp	0x282	; 0x282 <__bad_interrupt>
  64:	0c 94 41 01 	jmp	0x282	; 0x282 <__bad_interrupt>

00000068 <CHARSET>:
  68:	00 00 00 00 00 00 00 5f 00 00 00 07 00 07 00 14     ......._........
  78:	7f 14 7f 14 24 2a 7f 2a 12 23 13 08 64 62 36 49     ....$*.*.#..db6I
  88:	55 22 50 00 05 03 00 00 00 1c 22 41 00 00 41 22     U"P......."A..A"
  98:	1c 00 14 08 3e 08 14 08 08 3e 08 08 00 50 30 00     ....>....>...P0.
  a8:	00 08 08 08 08 08 00 60 60 00 00 20 10 08 04 02     .......``.. ....
  b8:	3e 51 49 45 3e 00 42 7f 40 00 42 61 51 49 46 21     >QIE>.B.@.BaQIF!
  c8:	41 45 4b 31 18 14 12 7f 10 27 45 45 45 39 3c 4a     AEK1.....'EEE9<J
  d8:	49 49 30 01 71 09 05 03 36 49 49 49 36 06 49 49     II0.q...6III6.II
  e8:	29 1e 00 36 36 00 00 00 56 36 00 00 08 14 22 41     )..66...V6...."A
  f8:	00 14 14 14 14 14 00 41 22 14 08 02 01 51 09 06     .......A"....Q..
 108:	32 49 79 41 3e 7e 11 11 11 7e 7f 49 49 49 36 3e     2IyA>~...~.III6>
 118:	41 41 41 22 7f 41 41 22 1c 7f 49 49 49 41 7f 09     AAA".AA"..IIIA..
 128:	09 09 01 3e 41 49 49 7a 7f 08 08 08 7f 00 41 7f     ...>AIIz......A.
 138:	41 00 20 40 41 3f 01 7f 08 14 22 41 7f 40 40 40     A. @A?...."A.@@@
 148:	40 7f 02 0c 02 7f 7f 04 08 10 7f 3e 41 41 41 3e     @..........>AAA>
 158:	7f 09 09 09 06 3e 41 51 21 5e 7f 09 19 29 46 46     .....>AQ!^...)FF
 168:	49 49 49 31 01 01 7f 01 01 3f 40 40 40 3f 1f 20     III1.....?@@@?. 
 178:	40 20 1f 3f 40 38 40 3f 63 14 08 14 63 07 08 70     @ .?@8@?c...c..p
 188:	08 07 61 51 49 45 43 00 7f 41 41 00 02 04 08 10     ..aQIEC..AA.....
 198:	20 00 41 41 7f 00 04 02 01 02 04 40 40 40 40 40      .AA.......@@@@@
 1a8:	00 01 02 04 00 20 54 54 54 78 7f 48 44 44 38 38     ..... TTTx.HDD88
 1b8:	44 44 44 20 38 44 44 48 7f 38 54 54 54 18 08 7e     DDD 8DDH.8TTT..~
 1c8:	09 01 02 0c 52 52 52 3e 7f 08 04 04 78 00 44 7d     ....RRR>....x.D}
 1d8:	40 00 20 40 44 3d 00 7f 10 28 44 00 00 41 7f 40     @. @D=...(D..A.@
 1e8:	00 7c 04 18 04 78 7c 08 04 04 78 38 44 44 44 38     .|...x|...x8DDD8
 1f8:	7c 14 14 14 08 08 14 14 18 7c 7c 08 04 04 08 48     |........||....H
 208:	54 54 54 20 04 3f 44 40 20 3c 40 40 20 7c 1c 20     TTT .?D@ <@@ |. 
 218:	40 20 1c 3c 40 30 40 3c 44 28 10 28 44 0c 50 50     @ .<@0@<D(.(D.PP
 228:	50 3c 44 64 54 4c 44 00 08 36 41 00 00 00 7f 00     P<DdTLD..6A.....
 238:	00 00 41 36 08 00 10 08 08 10 08 00 00 00 00 00     ..A6............

00000248 <__ctors_end>:
 248:	11 24       	eor	r1, r1
 24a:	1f be       	out	0x3f, r1	; 63
 24c:	cf ef       	ldi	r28, 0xFF	; 255
 24e:	d8 e0       	ldi	r29, 0x08	; 8
 250:	de bf       	out	0x3e, r29	; 62
 252:	cd bf       	out	0x3d, r28	; 61

00000254 <__do_copy_data>:
 254:	11 e0       	ldi	r17, 0x01	; 1
 256:	a0 e0       	ldi	r26, 0x00	; 0
 258:	b1 e0       	ldi	r27, 0x01	; 1
 25a:	e8 e0       	ldi	r30, 0x08	; 8
 25c:	f7 e0       	ldi	r31, 0x07	; 7
 25e:	02 c0       	rjmp	.+4      	; 0x264 <__do_copy_data+0x10>
 260:	05 90       	lpm	r0, Z+
 262:	0d 92       	st	X+, r0
 264:	a6 31       	cpi	r26, 0x16	; 22
 266:	b1 07       	cpc	r27, r17
 268:	d9 f7       	brne	.-10     	; 0x260 <__do_copy_data+0xc>

0000026a <__do_clear_bss>:
 26a:	23 e0       	ldi	r18, 0x03	; 3
 26c:	a6 e1       	ldi	r26, 0x16	; 22
 26e:	b1 e0       	ldi	r27, 0x01	; 1
 270:	01 c0       	rjmp	.+2      	; 0x274 <.do_clear_bss_start>

00000272 <.do_clear_bss_loop>:
 272:	1d 92       	st	X+, r1

00000274 <.do_clear_bss_start>:
 274:	a5 35       	cpi	r26, 0x55	; 85
 276:	b2 07       	cpc	r27, r18
 278:	e1 f7       	brne	.-8      	; 0x272 <.do_clear_bss_loop>
 27a:	0e 94 e7 02 	call	0x5ce	; 0x5ce <main>
 27e:	0c 94 82 03 	jmp	0x704	; 0x704 <_exit>

00000282 <__bad_interrupt>:
 282:	0c 94 00 00 	jmp	0	; 0x0 <__vectors>

00000286 <atualiza_lcd>:
 286:	08 95       	ret

00000288 <inicia_rua>:
 288:	cf 93       	push	r28
 28a:	df 93       	push	r29
 28c:	ec 01       	movw	r28, r24
 28e:	68 2f       	mov	r22, r24
 290:	80 e0       	ldi	r24, 0x00	; 0
 292:	0e 94 cd 02 	call	0x59a	; 0x59a <nokia_lcd_set_cursor>
 296:	63 e0       	ldi	r22, 0x03	; 3
 298:	8f e0       	ldi	r24, 0x0F	; 15
 29a:	91 e0       	ldi	r25, 0x01	; 1
 29c:	0e 94 bd 02 	call	0x57a	; 0x57a <nokia_lcd_write_string>
 2a0:	6c 2f       	mov	r22, r28
 2a2:	8f e0       	ldi	r24, 0x0F	; 15
 2a4:	0e 94 cd 02 	call	0x59a	; 0x59a <nokia_lcd_set_cursor>
 2a8:	63 e0       	ldi	r22, 0x03	; 3
 2aa:	8f e0       	ldi	r24, 0x0F	; 15
 2ac:	91 e0       	ldi	r25, 0x01	; 1
 2ae:	0e 94 bd 02 	call	0x57a	; 0x57a <nokia_lcd_write_string>
 2b2:	6c 2f       	mov	r22, r28
 2b4:	8e e1       	ldi	r24, 0x1E	; 30
 2b6:	0e 94 cd 02 	call	0x59a	; 0x59a <nokia_lcd_set_cursor>
 2ba:	63 e0       	ldi	r22, 0x03	; 3
 2bc:	8f e0       	ldi	r24, 0x0F	; 15
 2be:	91 e0       	ldi	r25, 0x01	; 1
 2c0:	0e 94 bd 02 	call	0x57a	; 0x57a <nokia_lcd_write_string>
 2c4:	6c 2f       	mov	r22, r28
 2c6:	8d e2       	ldi	r24, 0x2D	; 45
 2c8:	0e 94 cd 02 	call	0x59a	; 0x59a <nokia_lcd_set_cursor>
 2cc:	63 e0       	ldi	r22, 0x03	; 3
 2ce:	8f e0       	ldi	r24, 0x0F	; 15
 2d0:	91 e0       	ldi	r25, 0x01	; 1
 2d2:	0e 94 bd 02 	call	0x57a	; 0x57a <nokia_lcd_write_string>
 2d6:	6c 2f       	mov	r22, r28
 2d8:	8c e3       	ldi	r24, 0x3C	; 60
 2da:	0e 94 cd 02 	call	0x59a	; 0x59a <nokia_lcd_set_cursor>
 2de:	63 e0       	ldi	r22, 0x03	; 3
 2e0:	8f e0       	ldi	r24, 0x0F	; 15
 2e2:	91 e0       	ldi	r25, 0x01	; 1
 2e4:	0e 94 bd 02 	call	0x57a	; 0x57a <nokia_lcd_write_string>
 2e8:	6c 2f       	mov	r22, r28
 2ea:	8b e4       	ldi	r24, 0x4B	; 75
 2ec:	0e 94 cd 02 	call	0x59a	; 0x59a <nokia_lcd_set_cursor>
 2f0:	62 e0       	ldi	r22, 0x02	; 2
 2f2:	8f e0       	ldi	r24, 0x0F	; 15
 2f4:	91 e0       	ldi	r25, 0x01	; 1
 2f6:	0e 94 bd 02 	call	0x57a	; 0x57a <nokia_lcd_write_string>
 2fa:	df 91       	pop	r29
 2fc:	cf 91       	pop	r28
 2fe:	0c 94 d2 02 	jmp	0x5a4	; 0x5a4 <nokia_lcd_render>

00000302 <write>:
 302:	29 98       	cbi	0x05, 1	; 5
 304:	66 23       	and	r22, r22
 306:	a9 f0       	breq	.+42     	; 0x332 <write+0x30>
 308:	2b 9a       	sbi	0x05, 3	; 5
 30a:	27 e0       	ldi	r18, 0x07	; 7
 30c:	30 e0       	ldi	r19, 0x00	; 0
 30e:	90 e0       	ldi	r25, 0x00	; 0
 310:	ac 01       	movw	r20, r24
 312:	02 2e       	mov	r0, r18
 314:	02 c0       	rjmp	.+4      	; 0x31a <write+0x18>
 316:	55 95       	asr	r21
 318:	47 95       	ror	r20
 31a:	0a 94       	dec	r0
 31c:	e2 f7       	brpl	.-8      	; 0x316 <write+0x14>
 31e:	40 ff       	sbrs	r20, 0
 320:	0a c0       	rjmp	.+20     	; 0x336 <write+0x34>
 322:	2c 9a       	sbi	0x05, 4	; 5
 324:	2d 9a       	sbi	0x05, 5	; 5
 326:	2d 98       	cbi	0x05, 5	; 5
 328:	21 50       	subi	r18, 0x01	; 1
 32a:	31 09       	sbc	r19, r1
 32c:	88 f7       	brcc	.-30     	; 0x310 <write+0xe>
 32e:	29 9a       	sbi	0x05, 1	; 5
 330:	08 95       	ret
 332:	2b 98       	cbi	0x05, 3	; 5
 334:	ea cf       	rjmp	.-44     	; 0x30a <write+0x8>
 336:	2c 98       	cbi	0x05, 4	; 5
 338:	f5 cf       	rjmp	.-22     	; 0x324 <write+0x22>

0000033a <write_cmd>:
 33a:	60 e0       	ldi	r22, 0x00	; 0
 33c:	0c 94 81 01 	jmp	0x302	; 0x302 <write>

00000340 <nokia_lcd_init>:
 340:	cf 93       	push	r28
 342:	df 93       	push	r29
 344:	21 9a       	sbi	0x04, 1	; 4
 346:	22 9a       	sbi	0x04, 2	; 4
 348:	23 9a       	sbi	0x04, 3	; 4
 34a:	24 9a       	sbi	0x04, 4	; 4
 34c:	25 9a       	sbi	0x04, 5	; 4
 34e:	2a 9a       	sbi	0x05, 2	; 5
 350:	29 9a       	sbi	0x05, 1	; 5
 352:	8f e3       	ldi	r24, 0x3F	; 63
 354:	9c e9       	ldi	r25, 0x9C	; 156
 356:	01 97       	sbiw	r24, 0x01	; 1
 358:	f1 f7       	brne	.-4      	; 0x356 <nokia_lcd_init+0x16>
 35a:	00 c0       	rjmp	.+0      	; 0x35c <nokia_lcd_init+0x1c>
 35c:	00 00       	nop
 35e:	2a 98       	cbi	0x05, 2	; 5
 360:	9f ef       	ldi	r25, 0xFF	; 255
 362:	2a e6       	ldi	r18, 0x6A	; 106
 364:	83 e0       	ldi	r24, 0x03	; 3
 366:	91 50       	subi	r25, 0x01	; 1
 368:	20 40       	sbci	r18, 0x00	; 0
 36a:	80 40       	sbci	r24, 0x00	; 0
 36c:	e1 f7       	brne	.-8      	; 0x366 <nokia_lcd_init+0x26>
 36e:	00 c0       	rjmp	.+0      	; 0x370 <nokia_lcd_init+0x30>
 370:	00 00       	nop
 372:	2a 9a       	sbi	0x05, 2	; 5
 374:	29 98       	cbi	0x05, 1	; 5
 376:	81 e2       	ldi	r24, 0x21	; 33
 378:	0e 94 9d 01 	call	0x33a	; 0x33a <write_cmd>
 37c:	83 e1       	ldi	r24, 0x13	; 19
 37e:	0e 94 9d 01 	call	0x33a	; 0x33a <write_cmd>
 382:	86 e0       	ldi	r24, 0x06	; 6
 384:	0e 94 9d 01 	call	0x33a	; 0x33a <write_cmd>
 388:	82 ec       	ldi	r24, 0xC2	; 194
 38a:	0e 94 9d 01 	call	0x33a	; 0x33a <write_cmd>
 38e:	80 e2       	ldi	r24, 0x20	; 32
 390:	0e 94 9d 01 	call	0x33a	; 0x33a <write_cmd>
 394:	89 e0       	ldi	r24, 0x09	; 9
 396:	0e 94 9d 01 	call	0x33a	; 0x33a <write_cmd>
 39a:	80 e8       	ldi	r24, 0x80	; 128
 39c:	0e 94 9d 01 	call	0x33a	; 0x33a <write_cmd>
 3a0:	80 e4       	ldi	r24, 0x40	; 64
 3a2:	0e 94 9d 01 	call	0x33a	; 0x33a <write_cmd>
 3a6:	c8 ef       	ldi	r28, 0xF8	; 248
 3a8:	d1 e0       	ldi	r29, 0x01	; 1
 3aa:	61 e0       	ldi	r22, 0x01	; 1
 3ac:	80 e0       	ldi	r24, 0x00	; 0
 3ae:	0e 94 81 01 	call	0x302	; 0x302 <write>
 3b2:	21 97       	sbiw	r28, 0x01	; 1
 3b4:	d1 f7       	brne	.-12     	; 0x3aa <nokia_lcd_init+0x6a>
 3b6:	88 e0       	ldi	r24, 0x08	; 8
 3b8:	0e 94 9d 01 	call	0x33a	; 0x33a <write_cmd>
 3bc:	8c e0       	ldi	r24, 0x0C	; 12
 3be:	df 91       	pop	r29
 3c0:	cf 91       	pop	r28
 3c2:	0c 94 9d 01 	jmp	0x33a	; 0x33a <write_cmd>

000003c6 <nokia_lcd_clear>:
 3c6:	80 e8       	ldi	r24, 0x80	; 128
 3c8:	0e 94 9d 01 	call	0x33a	; 0x33a <write_cmd>
 3cc:	80 e4       	ldi	r24, 0x40	; 64
 3ce:	0e 94 9d 01 	call	0x33a	; 0x33a <write_cmd>
 3d2:	10 92 53 03 	sts	0x0353, r1	; 0x800353 <nokia_lcd+0x1f8>
 3d6:	10 92 54 03 	sts	0x0354, r1	; 0x800354 <nokia_lcd+0x1f9>
 3da:	eb e5       	ldi	r30, 0x5B	; 91
 3dc:	f1 e0       	ldi	r31, 0x01	; 1
 3de:	88 ef       	ldi	r24, 0xF8	; 248
 3e0:	91 e0       	ldi	r25, 0x01	; 1
 3e2:	df 01       	movw	r26, r30
 3e4:	9c 01       	movw	r18, r24
 3e6:	1d 92       	st	X+, r1
 3e8:	21 50       	subi	r18, 0x01	; 1
 3ea:	30 40       	sbci	r19, 0x00	; 0
 3ec:	e1 f7       	brne	.-8      	; 0x3e6 <nokia_lcd_clear+0x20>
 3ee:	08 95       	ret

000003f0 <nokia_lcd_power>:
 3f0:	81 11       	cpse	r24, r1
 3f2:	03 c0       	rjmp	.+6      	; 0x3fa <nokia_lcd_power+0xa>
 3f4:	84 e2       	ldi	r24, 0x24	; 36
 3f6:	0c 94 9d 01 	jmp	0x33a	; 0x33a <write_cmd>
 3fa:	80 e2       	ldi	r24, 0x20	; 32
 3fc:	fc cf       	rjmp	.-8      	; 0x3f6 <nokia_lcd_power+0x6>

000003fe <nokia_lcd_set_pixel>:
 3fe:	96 2f       	mov	r25, r22
 400:	96 95       	lsr	r25
 402:	96 95       	lsr	r25
 404:	96 95       	lsr	r25
 406:	e8 2f       	mov	r30, r24
 408:	f0 e0       	ldi	r31, 0x00	; 0
 40a:	84 e5       	ldi	r24, 0x54	; 84
 40c:	98 9f       	mul	r25, r24
 40e:	e0 0d       	add	r30, r0
 410:	f1 1d       	adc	r31, r1
 412:	11 24       	eor	r1, r1
 414:	e5 5a       	subi	r30, 0xA5	; 165
 416:	fe 4f       	sbci	r31, 0xFE	; 254
 418:	20 81       	ld	r18, Z
 41a:	67 70       	andi	r22, 0x07	; 7
 41c:	81 e0       	ldi	r24, 0x01	; 1
 41e:	90 e0       	ldi	r25, 0x00	; 0
 420:	01 c0       	rjmp	.+2      	; 0x424 <__LOCK_REGION_LENGTH__+0x24>
 422:	88 0f       	add	r24, r24
 424:	6a 95       	dec	r22
 426:	ea f7       	brpl	.-6      	; 0x422 <__LOCK_REGION_LENGTH__+0x22>
 428:	44 23       	and	r20, r20
 42a:	19 f0       	breq	.+6      	; 0x432 <__LOCK_REGION_LENGTH__+0x32>
 42c:	28 2b       	or	r18, r24
 42e:	20 83       	st	Z, r18
 430:	08 95       	ret
 432:	80 95       	com	r24
 434:	28 23       	and	r18, r24
 436:	fb cf       	rjmp	.-10     	; 0x42e <__LOCK_REGION_LENGTH__+0x2e>

00000438 <nokia_lcd_write_char>:
 438:	8f 92       	push	r8
 43a:	9f 92       	push	r9
 43c:	af 92       	push	r10
 43e:	bf 92       	push	r11
 440:	df 92       	push	r13
 442:	ef 92       	push	r14
 444:	ff 92       	push	r15
 446:	0f 93       	push	r16
 448:	1f 93       	push	r17
 44a:	cf 93       	push	r28
 44c:	df 93       	push	r29
 44e:	00 d0       	rcall	.+0      	; 0x450 <nokia_lcd_write_char+0x18>
 450:	00 d0       	rcall	.+0      	; 0x452 <nokia_lcd_write_char+0x1a>
 452:	0f 92       	push	r0
 454:	cd b7       	in	r28, 0x3d	; 61
 456:	de b7       	in	r29, 0x3e	; 62
 458:	e8 2f       	mov	r30, r24
 45a:	f6 2e       	mov	r15, r22
 45c:	80 32       	cpi	r24, 0x20	; 32
 45e:	0c f4       	brge	.+2      	; 0x462 <nokia_lcd_write_char+0x2a>
 460:	4d c0       	rjmp	.+154    	; 0x4fc <nokia_lcd_write_char+0xc4>
 462:	e0 52       	subi	r30, 0x20	; 32
 464:	85 e0       	ldi	r24, 0x05	; 5
 466:	e8 02       	muls	r30, r24
 468:	b0 01       	movw	r22, r0
 46a:	11 24       	eor	r1, r1
 46c:	68 59       	subi	r22, 0x98	; 152
 46e:	7f 4f       	sbci	r23, 0xFF	; 255
 470:	45 e0       	ldi	r20, 0x05	; 5
 472:	50 e0       	ldi	r21, 0x00	; 0
 474:	ce 01       	movw	r24, r28
 476:	01 96       	adiw	r24, 0x01	; 1
 478:	0e 94 79 03 	call	0x6f2	; 0x6f2 <memcpy_P>
 47c:	8e 01       	movw	r16, r28
 47e:	0f 5f       	subi	r16, 0xFF	; 255
 480:	1f 4f       	sbci	r17, 0xFF	; 255
 482:	95 e0       	ldi	r25, 0x05	; 5
 484:	f9 9e       	mul	r15, r25
 486:	50 01       	movw	r10, r0
 488:	11 24       	eor	r1, r1
 48a:	87 e0       	ldi	r24, 0x07	; 7
 48c:	f8 9e       	mul	r15, r24
 48e:	40 01       	movw	r8, r0
 490:	11 24       	eor	r1, r1
 492:	e1 2c       	mov	r14, r1
 494:	ea 14       	cp	r14, r10
 496:	1b 04       	cpc	r1, r11
 498:	0c f4       	brge	.+2      	; 0x49c <nokia_lcd_write_char+0x64>
 49a:	63 c0       	rjmp	.+198    	; 0x562 <nokia_lcd_write_char+0x12a>
 49c:	80 91 53 03 	lds	r24, 0x0353	; 0x800353 <nokia_lcd+0x1f8>
 4a0:	8f 5f       	subi	r24, 0xFF	; 255
 4a2:	9f 2d       	mov	r25, r15
 4a4:	99 0f       	add	r25, r25
 4a6:	99 0f       	add	r25, r25
 4a8:	9f 0d       	add	r25, r15
 4aa:	89 0f       	add	r24, r25
 4ac:	80 93 53 03 	sts	0x0353, r24	; 0x800353 <nokia_lcd+0x1f8>
 4b0:	84 35       	cpi	r24, 0x54	; 84
 4b2:	58 f0       	brcs	.+22     	; 0x4ca <nokia_lcd_write_char+0x92>
 4b4:	80 91 54 03 	lds	r24, 0x0354	; 0x800354 <nokia_lcd+0x1f9>
 4b8:	10 92 53 03 	sts	0x0353, r1	; 0x800353 <nokia_lcd+0x1f8>
 4bc:	8f 5f       	subi	r24, 0xFF	; 255
 4be:	97 e0       	ldi	r25, 0x07	; 7
 4c0:	f9 9e       	mul	r15, r25
 4c2:	80 0d       	add	r24, r0
 4c4:	11 24       	eor	r1, r1
 4c6:	80 93 54 03 	sts	0x0354, r24	; 0x800354 <nokia_lcd+0x1f9>
 4ca:	80 91 54 03 	lds	r24, 0x0354	; 0x800354 <nokia_lcd+0x1f9>
 4ce:	80 33       	cpi	r24, 0x30	; 48
 4d0:	20 f0       	brcs	.+8      	; 0x4da <nokia_lcd_write_char+0xa2>
 4d2:	10 92 53 03 	sts	0x0353, r1	; 0x800353 <nokia_lcd+0x1f8>
 4d6:	10 92 54 03 	sts	0x0354, r1	; 0x800354 <nokia_lcd+0x1f9>
 4da:	0f 90       	pop	r0
 4dc:	0f 90       	pop	r0
 4de:	0f 90       	pop	r0
 4e0:	0f 90       	pop	r0
 4e2:	0f 90       	pop	r0
 4e4:	df 91       	pop	r29
 4e6:	cf 91       	pop	r28
 4e8:	1f 91       	pop	r17
 4ea:	0f 91       	pop	r16
 4ec:	ff 90       	pop	r15
 4ee:	ef 90       	pop	r14
 4f0:	df 90       	pop	r13
 4f2:	bf 90       	pop	r11
 4f4:	af 90       	pop	r10
 4f6:	9f 90       	pop	r9
 4f8:	8f 90       	pop	r8
 4fa:	08 95       	ret
 4fc:	ee 0f       	add	r30, r30
 4fe:	ff 0b       	sbc	r31, r31
 500:	e5 5e       	subi	r30, 0xE5	; 229
 502:	fe 4f       	sbci	r31, 0xFE	; 254
 504:	00 81       	ld	r16, Z
 506:	11 81       	ldd	r17, Z+1	; 0x01
 508:	01 15       	cp	r16, r1
 50a:	11 05       	cpc	r17, r1
 50c:	09 f0       	breq	.+2      	; 0x510 <nokia_lcd_write_char+0xd8>
 50e:	b9 cf       	rjmp	.-142    	; 0x482 <nokia_lcd_write_char+0x4a>
 510:	45 e0       	ldi	r20, 0x05	; 5
 512:	50 e0       	ldi	r21, 0x00	; 0
 514:	68 e6       	ldi	r22, 0x68	; 104
 516:	70 e0       	ldi	r23, 0x00	; 0
 518:	ad cf       	rjmp	.-166    	; 0x474 <nokia_lcd_write_char+0x3c>
 51a:	ed 0d       	add	r30, r13
 51c:	5e 0d       	add	r21, r14
 51e:	8e 2d       	mov	r24, r14
 520:	6f 2d       	mov	r22, r15
 522:	0e 94 6d 03 	call	0x6da	; 0x6da <__udivmodqi4>
 526:	d8 01       	movw	r26, r16
 528:	a8 0f       	add	r26, r24
 52a:	b1 1d       	adc	r27, r1
 52c:	2c 91       	ld	r18, X
 52e:	30 e0       	ldi	r19, 0x00	; 0
 530:	8d 2d       	mov	r24, r13
 532:	0e 94 6d 03 	call	0x6da	; 0x6da <__udivmodqi4>
 536:	02 c0       	rjmp	.+4      	; 0x53c <nokia_lcd_write_char+0x104>
 538:	35 95       	asr	r19
 53a:	27 95       	ror	r18
 53c:	8a 95       	dec	r24
 53e:	e2 f7       	brpl	.-8      	; 0x538 <nokia_lcd_write_char+0x100>
 540:	41 e0       	ldi	r20, 0x01	; 1
 542:	20 ff       	sbrs	r18, 0
 544:	40 e0       	ldi	r20, 0x00	; 0
 546:	6e 2f       	mov	r22, r30
 548:	85 2f       	mov	r24, r21
 54a:	0e 94 ff 01 	call	0x3fe	; 0x3fe <nokia_lcd_set_pixel>
 54e:	d3 94       	inc	r13
 550:	e0 91 54 03 	lds	r30, 0x0354	; 0x800354 <nokia_lcd+0x1f9>
 554:	50 91 53 03 	lds	r21, 0x0353	; 0x800353 <nokia_lcd+0x1f8>
 558:	d8 14       	cp	r13, r8
 55a:	19 04       	cpc	r1, r9
 55c:	f4 f2       	brlt	.-68     	; 0x51a <nokia_lcd_write_char+0xe2>
 55e:	e3 94       	inc	r14
 560:	99 cf       	rjmp	.-206    	; 0x494 <nokia_lcd_write_char+0x5c>
 562:	d1 2c       	mov	r13, r1
 564:	f5 cf       	rjmp	.-22     	; 0x550 <nokia_lcd_write_char+0x118>

00000566 <nokia_lcd_custom>:
 566:	e8 2f       	mov	r30, r24
 568:	80 32       	cpi	r24, 0x20	; 32
 56a:	34 f4       	brge	.+12     	; 0x578 <nokia_lcd_custom+0x12>
 56c:	ee 0f       	add	r30, r30
 56e:	ff 0b       	sbc	r31, r31
 570:	e5 5e       	subi	r30, 0xE5	; 229
 572:	fe 4f       	sbci	r31, 0xFE	; 254
 574:	71 83       	std	Z+1, r23	; 0x01
 576:	60 83       	st	Z, r22
 578:	08 95       	ret

0000057a <nokia_lcd_write_string>:
 57a:	1f 93       	push	r17
 57c:	cf 93       	push	r28
 57e:	df 93       	push	r29
 580:	16 2f       	mov	r17, r22
 582:	ec 01       	movw	r28, r24
 584:	89 91       	ld	r24, Y+
 586:	81 11       	cpse	r24, r1
 588:	04 c0       	rjmp	.+8      	; 0x592 <nokia_lcd_write_string+0x18>
 58a:	df 91       	pop	r29
 58c:	cf 91       	pop	r28
 58e:	1f 91       	pop	r17
 590:	08 95       	ret
 592:	61 2f       	mov	r22, r17
 594:	0e 94 1c 02 	call	0x438	; 0x438 <nokia_lcd_write_char>
 598:	f5 cf       	rjmp	.-22     	; 0x584 <nokia_lcd_write_string+0xa>

0000059a <nokia_lcd_set_cursor>:
 59a:	80 93 53 03 	sts	0x0353, r24	; 0x800353 <nokia_lcd+0x1f8>
 59e:	60 93 54 03 	sts	0x0354, r22	; 0x800354 <nokia_lcd+0x1f9>
 5a2:	08 95       	ret

000005a4 <nokia_lcd_render>:
 5a4:	cf 93       	push	r28
 5a6:	df 93       	push	r29
 5a8:	80 e8       	ldi	r24, 0x80	; 128
 5aa:	0e 94 9d 01 	call	0x33a	; 0x33a <write_cmd>
 5ae:	80 e4       	ldi	r24, 0x40	; 64
 5b0:	0e 94 9d 01 	call	0x33a	; 0x33a <write_cmd>
 5b4:	cb e5       	ldi	r28, 0x5B	; 91
 5b6:	d1 e0       	ldi	r29, 0x01	; 1
 5b8:	61 e0       	ldi	r22, 0x01	; 1
 5ba:	89 91       	ld	r24, Y+
 5bc:	0e 94 81 01 	call	0x302	; 0x302 <write>
 5c0:	83 e0       	ldi	r24, 0x03	; 3
 5c2:	c3 35       	cpi	r28, 0x53	; 83
 5c4:	d8 07       	cpc	r29, r24
 5c6:	c1 f7       	brne	.-16     	; 0x5b8 <nokia_lcd_render+0x14>
 5c8:	df 91       	pop	r29
 5ca:	cf 91       	pop	r28
 5cc:	08 95       	ret

000005ce <main>:
 5ce:	57 98       	cbi	0x0a, 7	; 10
 5d0:	56 98       	cbi	0x0a, 6	; 10
 5d2:	21 9a       	sbi	0x04, 1	; 4
 5d4:	22 9a       	sbi	0x04, 2	; 4
 5d6:	0e 94 a0 01 	call	0x340	; 0x340 <nokia_lcd_init>
 5da:	0e 94 e3 01 	call	0x3c6	; 0x3c6 <nokia_lcd_clear>
 5de:	60 e0       	ldi	r22, 0x00	; 0
 5e0:	71 e0       	ldi	r23, 0x01	; 1
 5e2:	83 e0       	ldi	r24, 0x03	; 3
 5e4:	0e 94 b3 02 	call	0x566	; 0x566 <nokia_lcd_custom>
 5e8:	90 e0       	ldi	r25, 0x00	; 0
 5ea:	80 e0       	ldi	r24, 0x00	; 0
 5ec:	0e 94 44 01 	call	0x288	; 0x288 <inicia_rua>
 5f0:	8c e0       	ldi	r24, 0x0C	; 12
 5f2:	90 e0       	ldi	r25, 0x00	; 0
 5f4:	0e 94 44 01 	call	0x288	; 0x288 <inicia_rua>
 5f8:	88 e1       	ldi	r24, 0x18	; 24
 5fa:	90 e0       	ldi	r25, 0x00	; 0
 5fc:	0e 94 44 01 	call	0x288	; 0x288 <inicia_rua>
 600:	84 e2       	ldi	r24, 0x24	; 36
 602:	90 e0       	ldi	r25, 0x00	; 0
 604:	0e 94 44 01 	call	0x288	; 0x288 <inicia_rua>
 608:	65 e0       	ldi	r22, 0x05	; 5
 60a:	71 e0       	ldi	r23, 0x01	; 1
 60c:	82 e0       	ldi	r24, 0x02	; 2
 60e:	0e 94 b3 02 	call	0x566	; 0x566 <nokia_lcd_custom>
 612:	65 e2       	ldi	r22, 0x25	; 37
 614:	82 e2       	ldi	r24, 0x22	; 34
 616:	0e 94 cd 02 	call	0x59a	; 0x59a <nokia_lcd_set_cursor>
 61a:	62 e0       	ldi	r22, 0x02	; 2
 61c:	81 e1       	ldi	r24, 0x11	; 17
 61e:	91 e0       	ldi	r25, 0x01	; 1
 620:	0e 94 bd 02 	call	0x57a	; 0x57a <nokia_lcd_write_string>
 624:	0e 94 d2 02 	call	0x5a4	; 0x5a4 <nokia_lcd_render>
 628:	6a e0       	ldi	r22, 0x0A	; 10
 62a:	71 e0       	ldi	r23, 0x01	; 1
 62c:	85 e0       	ldi	r24, 0x05	; 5
 62e:	0e 94 b3 02 	call	0x566	; 0x566 <nokia_lcd_custom>
 632:	66 e1       	ldi	r22, 0x16	; 22
 634:	71 e0       	ldi	r23, 0x01	; 1
 636:	86 e0       	ldi	r24, 0x06	; 6
 638:	0e 94 b3 02 	call	0x566	; 0x566 <nokia_lcd_custom>
 63c:	c2 e2       	ldi	r28, 0x22	; 34
 63e:	d0 e0       	ldi	r29, 0x00	; 0
 640:	4f 9b       	sbis	0x09, 7	; 9
 642:	24 c0       	rjmp	.+72     	; 0x68c <main+0xbe>
 644:	ce 01       	movw	r24, r28
 646:	04 97       	sbiw	r24, 0x04	; 4
 648:	cd 97       	sbiw	r24, 0x3d	; 61
 64a:	60 f4       	brcc	.+24     	; 0x664 <main+0x96>
 64c:	65 e2       	ldi	r22, 0x25	; 37
 64e:	8c 2f       	mov	r24, r28
 650:	0e 94 cd 02 	call	0x59a	; 0x59a <nokia_lcd_set_cursor>
 654:	62 e0       	ldi	r22, 0x02	; 2
 656:	83 e1       	ldi	r24, 0x13	; 19
 658:	91 e0       	ldi	r25, 0x01	; 1
 65a:	0e 94 bd 02 	call	0x57a	; 0x57a <nokia_lcd_write_string>
 65e:	0e 94 d2 02 	call	0x5a4	; 0x5a4 <nokia_lcd_render>
 662:	2f 97       	sbiw	r28, 0x0f	; 15
 664:	65 e2       	ldi	r22, 0x25	; 37
 666:	8c 2f       	mov	r24, r28
 668:	0e 94 cd 02 	call	0x59a	; 0x59a <nokia_lcd_set_cursor>
 66c:	62 e0       	ldi	r22, 0x02	; 2
 66e:	81 e1       	ldi	r24, 0x11	; 17
 670:	91 e0       	ldi	r25, 0x01	; 1
 672:	0e 94 bd 02 	call	0x57a	; 0x57a <nokia_lcd_write_string>
 676:	0e 94 d2 02 	call	0x5a4	; 0x5a4 <nokia_lcd_render>
 67a:	2f ef       	ldi	r18, 0xFF	; 255
 67c:	89 e6       	ldi	r24, 0x69	; 105
 67e:	98 e1       	ldi	r25, 0x18	; 24
 680:	21 50       	subi	r18, 0x01	; 1
 682:	80 40       	sbci	r24, 0x00	; 0
 684:	90 40       	sbci	r25, 0x00	; 0
 686:	e1 f7       	brne	.-8      	; 0x680 <main+0xb2>
 688:	00 c0       	rjmp	.+0      	; 0x68a <main+0xbc>
 68a:	00 00       	nop
 68c:	4e 9b       	sbis	0x09, 6	; 9
 68e:	d8 cf       	rjmp	.-80     	; 0x640 <main+0x72>
 690:	ce 01       	movw	r24, r28
 692:	04 97       	sbiw	r24, 0x04	; 4
 694:	cd 97       	sbiw	r24, 0x3d	; 61
 696:	60 f4       	brcc	.+24     	; 0x6b0 <main+0xe2>
 698:	65 e2       	ldi	r22, 0x25	; 37
 69a:	8c 2f       	mov	r24, r28
 69c:	0e 94 cd 02 	call	0x59a	; 0x59a <nokia_lcd_set_cursor>
 6a0:	62 e0       	ldi	r22, 0x02	; 2
 6a2:	83 e1       	ldi	r24, 0x13	; 19
 6a4:	91 e0       	ldi	r25, 0x01	; 1
 6a6:	0e 94 bd 02 	call	0x57a	; 0x57a <nokia_lcd_write_string>
 6aa:	0e 94 d2 02 	call	0x5a4	; 0x5a4 <nokia_lcd_render>
 6ae:	2f 96       	adiw	r28, 0x0f	; 15
 6b0:	65 e2       	ldi	r22, 0x25	; 37
 6b2:	8c 2f       	mov	r24, r28
 6b4:	0e 94 cd 02 	call	0x59a	; 0x59a <nokia_lcd_set_cursor>
 6b8:	62 e0       	ldi	r22, 0x02	; 2
 6ba:	81 e1       	ldi	r24, 0x11	; 17
 6bc:	91 e0       	ldi	r25, 0x01	; 1
 6be:	0e 94 bd 02 	call	0x57a	; 0x57a <nokia_lcd_write_string>
 6c2:	0e 94 d2 02 	call	0x5a4	; 0x5a4 <nokia_lcd_render>
 6c6:	2f ef       	ldi	r18, 0xFF	; 255
 6c8:	89 e6       	ldi	r24, 0x69	; 105
 6ca:	98 e1       	ldi	r25, 0x18	; 24
 6cc:	21 50       	subi	r18, 0x01	; 1
 6ce:	80 40       	sbci	r24, 0x00	; 0
 6d0:	90 40       	sbci	r25, 0x00	; 0
 6d2:	e1 f7       	brne	.-8      	; 0x6cc <main+0xfe>
 6d4:	00 c0       	rjmp	.+0      	; 0x6d6 <main+0x108>
 6d6:	00 00       	nop
 6d8:	b3 cf       	rjmp	.-154    	; 0x640 <main+0x72>

000006da <__udivmodqi4>:
 6da:	99 1b       	sub	r25, r25
 6dc:	79 e0       	ldi	r23, 0x09	; 9
 6de:	04 c0       	rjmp	.+8      	; 0x6e8 <__udivmodqi4_ep>

000006e0 <__udivmodqi4_loop>:
 6e0:	99 1f       	adc	r25, r25
 6e2:	96 17       	cp	r25, r22
 6e4:	08 f0       	brcs	.+2      	; 0x6e8 <__udivmodqi4_ep>
 6e6:	96 1b       	sub	r25, r22

000006e8 <__udivmodqi4_ep>:
 6e8:	88 1f       	adc	r24, r24
 6ea:	7a 95       	dec	r23
 6ec:	c9 f7       	brne	.-14     	; 0x6e0 <__udivmodqi4_loop>
 6ee:	80 95       	com	r24
 6f0:	08 95       	ret

000006f2 <memcpy_P>:
 6f2:	fb 01       	movw	r30, r22
 6f4:	dc 01       	movw	r26, r24
 6f6:	02 c0       	rjmp	.+4      	; 0x6fc <memcpy_P+0xa>
 6f8:	05 90       	lpm	r0, Z+
 6fa:	0d 92       	st	X+, r0
 6fc:	41 50       	subi	r20, 0x01	; 1
 6fe:	50 40       	sbci	r21, 0x00	; 0
 700:	d8 f7       	brcc	.-10     	; 0x6f8 <memcpy_P+0x6>
 702:	08 95       	ret

00000704 <_exit>:
 704:	f8 94       	cli

00000706 <__stop_program>:
 706:	ff cf       	rjmp	.-2      	; 0x706 <__stop_program>
